# JRE version: OpenJDK Runtime Environment (21.0.8) (build 21.0.8+-14196175-b1038.72)
# Java VM: OpenJDK 64-Bit Server VM (21.0.8+-14196175-b1038.72, mixed mode, tiered, compressed oops, compressed class ptrs, g1 gc, windows-amd64)
GC Precious Log:
 CardTable entry size: 512
 Card Set container configuration: InlinePtr #cards 4 size 8 Array Of Cards #cards 16 size 48 Howl #buckets 8 coarsen threshold 3686 Howl Bitmap #cards 512 size 80 coarsen threshold 460 Card regions per heap region 1 cards per card region 4096
 CPUs: 20 total, 20 available
 Memory: 16109M
 Large Page Support: Disabled
 NUMA Support: Disabled
 Compressed Oops: Enabled (Zero based)
 Heap Region Size: 2M
 Heap Min Capacity: 8M
 Heap Initial Capacity: 8M
 Heap Max Capacity: 4028M
 Pre-touch: Disabled
 Parallel Workers: 15
 Concurrent Workers: 4
 Concurrent Refinement Workers: 15
 Periodic GC: Disabled
Heap:
 garbage-first heap   total 36864K, used 4689K [0x0000000704400000, 0x0000000800000000)
  region size 2048K, 3 young (6144K), 2 survivors (4096K)
 Metaspace       used 16936K, committed 17088K, reserved 1114112K
  class space    used 1834K, committed 1920K, reserved 1048576K
GC Heap History (20 events):
Event: 0.114 GC heap before
{Heap before GC invocations=0 (full 0):
 garbage-first heap   total 8192K, used 2048K [0x0000000704400000, 0x0000000800000000)
  region size 2048K, 1 young (2048K), 0 survivors (0K)
 Metaspace       used 6477K, committed 6656K, reserved 1114112K
  class space    used 595K, committed 704K, reserved 1048576K
}
Event: 0.116 GC heap after
{Heap after GC invocations=1 (full 0):
 garbage-first heap   total 8192K, used 960K [0x0000000704400000, 0x0000000800000000)
  region size 2048K, 1 young (2048K), 1 survivors (2048K)
 Metaspace       used 6477K, committed 6656K, reserved 1114112K
  class space    used 595K, committed 704K, reserved 1048576K
}
Event: 0.148 GC heap before
{Heap before GC invocations=1 (full 0):
 garbage-first heap   total 8192K, used 960K [0x0000000704400000, 0x0000000800000000)
  region size 2048K, 2 young (4096K), 1 survivors (2048K)
 Metaspace       used 7474K, committed 7680K, reserved 1114112K
  class space    used 723K, committed 832K, reserved 1048576K
}
Event: 0.149 GC heap after
{Heap after GC invocations=2 (full 0):
 garbage-first heap   total 8192K, used 1265K [0x0000000704400000, 0x0000000800000000)
  region size 2048K, 1 young (2048K), 1 survivors (2048K)
 Metaspace       used 7474K, committed 7680K, reserved 1114112K
  class space    used 723K, committed 832K, reserved 1048576K
}
Event: 0.175 GC heap before
{Heap before GC invocations=2 (full 0):
 garbage-first heap   total 8192K, used 3313K [0x0000000704400000, 0x0000000800000000)
  region size 2048K, 2 young (4096K), 1 survivors (2048K)
 Metaspace       used 8248K, committed 8448K, reserved 1114112K
  class space    used 806K, committed 896K, reserved 1048576K
}
Event: 0.176 GC heap after
{Heap after GC invocations=3 (full 0):
 garbage-first heap   total 8192K, used 1208K [0x0000000704400000, 0x0000000800000000)
  region size 2048K, 1 young (2048K), 1 survivors (2048K)
 Metaspace       used 8248K, committed 8448K, reserved 1114112K
  class space    used 806K, committed 896K, reserved 1048576K
}
Event: 0.214 GC heap before
{Heap before GC invocations=3 (full 0):
 garbage-first heap   total 8192K, used 3256K [0x0000000704400000, 0x0000000800000000)
  region size 2048K, 2 young (4096K), 1 survivors (2048K)
 Metaspace       used 9375K, committed 9536K, reserved 1114112K
  class space    used 948K, committed 1024K, reserved 1048576K
}
Event: 0.215 GC heap after
{Heap after GC invocations=4 (full 0):
 garbage-first heap   total 8192K, used 1365K [0x0000000704400000, 0x0000000800000000)
  region size 2048K, 1 young (2048K), 1 survivors (2048K)
 Metaspace       used 9375K, committed 9536K, reserved 1114112K
  class space    used 948K, committed 1024K, reserved 1048576K
}
Event: 0.232 GC heap before
{Heap before GC invocations=4 (full 0):
 garbage-first heap   total 8192K, used 1365K [0x0000000704400000, 0x0000000800000000)
  region size 2048K, 2 young (4096K), 1 survivors (2048K)
 Metaspace       used 10046K, committed 10176K, reserved 1114112K
  class space    used 1072K, committed 1152K, reserved 1048576K
}
Event: 1.234 GC heap after
{Heap after GC invocations=5 (full 0):
 garbage-first heap   total 12288K, used 1517K [0x0000000704400000, 0x0000000800000000)
  region size 2048K, 1 young (2048K), 1 survivors (2048K)
 Metaspace       used 10046K, committed 10176K, reserved 1114112K
  class space    used 1072K, committed 1152K, reserved 1048576K
}
Event: 1.258 GC heap before
{Heap before GC invocations=5 (full 0):
 garbage-first heap   total 12288K, used 1517K [0x0000000704400000, 0x0000000800000000)
  region size 2048K, 2 young (4096K), 1 survivors (2048K)
 Metaspace       used 10507K, committed 10688K, reserved 1114112K
  class space    used 1129K, committed 1216K, reserved 1048576K
}
Event: 1.261 GC heap after
{Heap after GC invocations=6 (full 0):
 garbage-first heap   total 12288K, used 1929K [0x0000000704400000, 0x0000000800000000)
  region size 2048K, 1 young (2048K), 1 survivors (2048K)
 Metaspace       used 10507K, committed 10688K, reserved 1114112K
  class space    used 1129K, committed 1216K, reserved 1048576K
}
Event: 1.288 GC heap before
{Heap before GC invocations=6 (full 0):
 garbage-first heap   total 12288K, used 1929K [0x0000000704400000, 0x0000000800000000)
  region size 2048K, 2 young (4096K), 1 survivors (2048K)
 Metaspace       used 11169K, committed 11328K, reserved 1114112K
  class space    used 1222K, committed 1280K, reserved 1048576K
}
Event: 1.290 GC heap after
{Heap after GC invocations=7 (full 0):
 garbage-first heap   total 12288K, used 1898K [0x0000000704400000, 0x0000000800000000)
  region size 2048K, 1 young (2048K), 1 survivors (2048K)
 Metaspace       used 11169K, committed 11328K, reserved 1114112K
  class space    used 1222K, committed 1280K, reserved 1048576K
}
Event: 1.304 GC heap before
{Heap before GC invocations=7 (full 0):
 garbage-first heap   total 12288K, used 3946K [0x0000000704400000, 0x0000000800000000)
  region size 2048K, 2 young (4096K), 1 survivors (2048K)
 Metaspace       used 11655K, committed 11776K, reserved 1114112K
  class space    used 1284K, committed 1344K, reserved 1048576K
}
Event: 1.306 GC heap after
{Heap after GC invocations=8 (full 0):
 garbage-first heap   total 12288K, used 1962K [0x0000000704400000, 0x0000000800000000)
  region size 2048K, 1 young (2048K), 1 survivors (2048K)
 Metaspace       used 11655K, committed 11776K, reserved 1114112K
  class space    used 1284K, committed 1344K, reserved 1048576K
}
Event: 1.317 GC heap before
{Heap before GC invocations=8 (full 0):
 garbage-first heap   total 12288K, used 4010K [0x0000000704400000, 0x0000000800000000)
  region size 2048K, 2 young (4096K), 1 survivors (2048K)
 Metaspace       used 12206K, committed 12352K, reserved 1114112K
  class space    used 1342K, committed 1408K, reserved 1048576K
}
Event: 1.319 GC heap after
{Heap after GC invocations=9 (full 0):
 garbage-first heap   total 36864K, used 1957K [0x0000000704400000, 0x0000000800000000)
  region size 2048K, 1 young (2048K), 1 survivors (2048K)
 Metaspace       used 12206K, committed 12352K, reserved 1114112K
  class space    used 1342K, committed 1408K, reserved 1048576K
}
Event: 1.338 GC heap before
{Heap before GC invocations=9 (full 0):
 garbage-first heap   total 36864K, used 4005K [0x0000000704400000, 0x0000000800000000)
  region size 2048K, 2 young (4096K), 1 survivors (2048K)
 Metaspace       used 12838K, committed 12992K, reserved 1114112K
  class space    used 1424K, committed 1472K, reserved 1048576K
}
Event: 1.339 GC heap after
{Heap after GC invocations=10 (full 0):
 garbage-first heap   total 36864K, used 2027K [0x0000000704400000, 0x0000000800000000)
  region size 2048K, 1 young (2048K), 1 survivors (2048K)
 Metaspace       used 12838K, committed 12992K, reserved 1114112K
  class space    used 1424K, committed 1472K, reserved 1048576K
}

